si archiveinfo   --nolabels --nolocks D:\Sandboxs\SMFC4B0_06.00.00\06_Algorithm\04_Engineering\05_Deliverables\dll\algo\/cb_sim\sim_swc_cb.dll
si archiveinfo   --nolabels --nolocks D:\Sandboxs\SMFC4B0_06.00.00\06_Algorithm\04_Engineering\05_Deliverables\dll\algo\/cb_sim\sim_swc_cb.pdb
si archiveinfo   --nolabels --nolocks D:\Sandboxs\SMFC4B0_06.00.00\06_Algorithm\04_Engineering\05_Deliverables\dll\algo\/cb_sim\sim_swc_cb_vis.dll
si archiveinfo   --nolabels --nolocks D:\Sandboxs\SMFC4B0_06.00.00\06_Algorithm\04_Engineering\05_Deliverables\dll\algo\/cb_sim\sim_swc_cb_vis.pdb
si archiveinfo   --nolabels --nolocks D:\Sandboxs\SMFC4B0_06.00.00\06_Algorithm\04_Engineering\05_Deliverables\dll\algo\/cct_mo\fancy_table.dll
File is sahred : !!! 

D:\Sandboxs\SMFC4B0_06.00.00\06_Algorithm\04_Engineering\05_Deliverables\dll\algo\/cct_mo\fancy_table.dll
si archiveinfo   --nolabels --nolocks D:\Sandboxs\SMFC4B0_06.00.00\06_Algorithm\04_Engineering\05_Deliverables\dll\algo\/cct_mo\fancy_table.pdb
File is sahred : !!! 

D:\Sandboxs\SMFC4B0_06.00.00\06_Algorithm\04_Engineering\05_Deliverables\dll\algo\/cct_mo\fancy_table.pdb
si archiveinfo   --nolabels --nolocks D:\Sandboxs\SMFC4B0_06.00.00\06_Algorithm\04_Engineering\05_Deliverables\dll\algo\/cct_mo\ReadMe_NewRtaLocation.txt
File is sahred : !!! 

D:\Sandboxs\SMFC4B0_06.00.00\06_Algorithm\04_Engineering\05_Deliverables\dll\algo\/cct_mo\ReadMe_NewRtaLocation.txt
si archiveinfo   --nolabels --nolocks D:\Sandboxs\SMFC4B0_06.00.00\06_Algorithm\04_Engineering\05_Deliverables\dll\algo\/cct_sim\sim_hil_client.dll
si archiveinfo   --nolabels --nolocks D:\Sandboxs\SMFC4B0_06.00.00\06_Algorithm\04_Engineering\05_Deliverables\dll\algo\/cct_sim\sim_hil_client.pdb
si archiveinfo   --nolabels --nolocks D:\Sandboxs\SMFC4B0_06.00.00\06_Algorithm\04_Engineering\05_Deliverables\dll\algo\/cct_sim\sim_swc_cctmfc300rtewrp.dll
si archiveinfo   --nolabels --nolocks D:\Sandboxs\SMFC4B0_06.00.00\06_Algorithm\04_Engineering\05_Deliverables\dll\algo\/cct_sim\sim_swc_cctmfc300rtewrp.pdb
si archiveinfo   --nolabels --nolocks D:\Sandboxs\SMFC4B0_06.00.00\06_Algorithm\04_Engineering\05_Deliverables\dll\algo\/cct_sim\sim_swc_vis_disparity.dll
si archiveinfo   --nolabels --nolocks D:\Sandboxs\SMFC4B0_06.00.00\06_Algorithm\04_Engineering\05_Deliverables\dll\algo\/cct_sim\sim_swc_vis_disparity.pdb
si archiveinfo   --nolabels --nolocks D:\Sandboxs\SMFC4B0_06.00.00\06_Algorithm\04_Engineering\05_Deliverables\dll\algo\/cct_sim\sim_swc_vis_optical_flow.dll
si archiveinfo   --nolabels --nolocks D:\Sandboxs\SMFC4B0_06.00.00\06_Algorithm\04_Engineering\05_Deliverables\dll\algo\/cct_sim\sim_swc_vis_optical_flow.pdb
si archiveinfo   --nolabels --nolocks D:\Sandboxs\SMFC4B0_06.00.00\06_Algorithm\04_Engineering\05_Deliverables\dll\algo\/cct_sim\sim_swc_vis_perspectives.dll
si archiveinfo   --nolabels --nolocks D:\Sandboxs\SMFC4B0_06.00.00\06_Algorithm\04_Engineering\05_Deliverables\dll\algo\/cct_sim\sim_swc_vis_perspectives.pdb
si archiveinfo   --nolabels --nolocks D:\Sandboxs\SMFC4B0_06.00.00\06_Algorithm\04_Engineering\05_Deliverables\dll\algo\/cipp_sim\sim_swc_cipp.dll
si archiveinfo   --nolabels --nolocks D:\Sandboxs\SMFC4B0_06.00.00\06_Algorithm\04_Engineering\05_Deliverables\dll\algo\/cipp_sim\sim_swc_cipp.pdb
si archiveinfo   --nolabels --nolocks D:\Sandboxs\SMFC4B0_06.00.00\06_Algorithm\04_Engineering\05_Deliverables\dll\algo\/ecm_sim\sim_swc_ecm.dll
si archiveinfo   --nolabels --nolocks D:\Sandboxs\SMFC4B0_06.00.00\06_Algorithm\04_Engineering\05_Deliverables\dll\algo\/ecm_sim\sim_swc_ecm.pdb
si archiveinfo   --nolabels --nolocks D:\Sandboxs\SMFC4B0_06.00.00\06_Algorithm\04_Engineering\05_Deliverables\dll\algo\/ecm_sim\sim_swc_ecm_vis.dll
si archiveinfo   --nolabels --nolocks D:\Sandboxs\SMFC4B0_06.00.00\06_Algorithm\04_Engineering\05_Deliverables\dll\algo\/ecm_sim\sim_swc_ecm_vis.pdb
si archiveinfo   --nolabels --nolocks D:\Sandboxs\SMFC4B0_06.00.00\06_Algorithm\04_Engineering\05_Deliverables\dll\algo\/em_mo\cem_objectlist.dll
File is sahred : !!! 

D:\Sandboxs\SMFC4B0_06.00.00\06_Algorithm\04_Engineering\05_Deliverables\dll\algo\/em_mo\cem_objectlist.dll
si archiveinfo   --nolabels --nolocks D:\Sandboxs\SMFC4B0_06.00.00\06_Algorithm\04_Engineering\05_Deliverables\dll\algo\/em_mo\cem_objectlist.pdb
File is sahred : !!! 

D:\Sandboxs\SMFC4B0_06.00.00\06_Algorithm\04_Engineering\05_Deliverables\dll\algo\/em_mo\cem_objectlist.pdb
si archiveinfo   --nolabels --nolocks D:\Sandboxs\SMFC4B0_06.00.00\06_Algorithm\04_Engineering\05_Deliverables\dll\algo\/em_mo\em_objectlist.dll
File is sahred : !!! 

D:\Sandboxs\SMFC4B0_06.00.00\06_Algorithm\04_Engineering\05_Deliverables\dll\algo\/em_mo\em_objectlist.dll
si archiveinfo   --nolabels --nolocks D:\Sandboxs\SMFC4B0_06.00.00\06_Algorithm\04_Engineering\05_Deliverables\dll\algo\/em_mo\em_objectlist.pdb
File is sahred : !!! 

D:\Sandboxs\SMFC4B0_06.00.00\06_Algorithm\04_Engineering\05_Deliverables\dll\algo\/em_mo\em_objectlist.pdb
si archiveinfo   --nolabels --nolocks D:\Sandboxs\SMFC4B0_06.00.00\06_Algorithm\04_Engineering\05_Deliverables\dll\algo\/em_sim\sim_swc_em.dll
si archiveinfo   --nolabels --nolocks D:\Sandboxs\SMFC4B0_06.00.00\06_Algorithm\04_Engineering\05_Deliverables\dll\algo\/em_sim\sim_swc_em.pdb
si archiveinfo   --nolabels --nolocks D:\Sandboxs\SMFC4B0_06.00.00\06_Algorithm\04_Engineering\05_Deliverables\dll\algo\/em_sim\sim_swc_em_vis.dll
si archiveinfo   --nolabels --nolocks D:\Sandboxs\SMFC4B0_06.00.00\06_Algorithm\04_Engineering\05_Deliverables\dll\algo\/em_sim\sim_swc_em_vis.pdb
si archiveinfo   --nolabels --nolocks D:\Sandboxs\SMFC4B0_06.00.00\06_Algorithm\04_Engineering\05_Deliverables\dll\algo\/emo_sim\sim_adapt_emo_drawmeas.dll
si archiveinfo   --nolabels --nolocks D:\Sandboxs\SMFC4B0_06.00.00\06_Algorithm\04_Engineering\05_Deliverables\dll\algo\/emo_sim\sim_adapt_emo_drawmeas.pdb
si archiveinfo   --nolabels --nolocks D:\Sandboxs\SMFC4B0_06.00.00\06_Algorithm\04_Engineering\05_Deliverables\dll\algo\/emo_sim\sim_swc_emodrawmeas.dll
si archiveinfo   --nolabels --nolocks D:\Sandboxs\SMFC4B0_06.00.00\06_Algorithm\04_Engineering\05_Deliverables\dll\algo\/emo_sim\sim_swc_emodrawmeas.pdb
si archiveinfo   --nolabels --nolocks D:\Sandboxs\SMFC4B0_06.00.00\06_Algorithm\04_Engineering\05_Deliverables\dll\algo\/fb_sim\sim_fpga_box.dll
File is sahred : !!! 

D:\Sandboxs\SMFC4B0_06.00.00\06_Algorithm\04_Engineering\05_Deliverables\dll\algo\/fb_sim\sim_fpga_box.dll
si archiveinfo   --nolabels --nolocks D:\Sandboxs\SMFC4B0_06.00.00\06_Algorithm\04_Engineering\05_Deliverables\dll\algo\/fb_sim\sim_fpga_box.pdb
File is sahred : !!! 

D:\Sandboxs\SMFC4B0_06.00.00\06_Algorithm\04_Engineering\05_Deliverables\dll\algo\/fb_sim\sim_fpga_box.pdb
si archiveinfo   --nolabels --nolocks D:\Sandboxs\SMFC4B0_06.00.00\06_Algorithm\04_Engineering\05_Deliverables\dll\algo\/fct_mo\acccollector.dll
File is sahred : !!! 

D:\Sandboxs\SMFC4B0_06.00.00\06_Algorithm\04_Engineering\05_Deliverables\dll\algo\/fct_mo\acccollector.dll
si archiveinfo   --nolabels --nolocks D:\Sandboxs\SMFC4B0_06.00.00\06_Algorithm\04_Engineering\05_Deliverables\dll\algo\/fct_mo\acccollector.pdb
File is sahred : !!! 

D:\Sandboxs\SMFC4B0_06.00.00\06_Algorithm\04_Engineering\05_Deliverables\dll\algo\/fct_mo\acccollector.pdb
si archiveinfo   --nolabels --nolocks D:\Sandboxs\SMFC4B0_06.00.00\06_Algorithm\04_Engineering\05_Deliverables\dll\algo\/fct_mo\AccObjView.dll
File is sahred : !!! 

D:\Sandboxs\SMFC4B0_06.00.00\06_Algorithm\04_Engineering\05_Deliverables\dll\algo\/fct_mo\AccObjView.dll
si archiveinfo   --nolabels --nolocks D:\Sandboxs\SMFC4B0_06.00.00\06_Algorithm\04_Engineering\05_Deliverables\dll\algo\/fct_mo\AccObjView.pdb
File is sahred : !!! 

D:\Sandboxs\SMFC4B0_06.00.00\06_Algorithm\04_Engineering\05_Deliverables\dll\algo\/fct_mo\AccObjView.pdb
si archiveinfo   --nolabels --nolocks D:\Sandboxs\SMFC4B0_06.00.00\06_Algorithm\04_Engineering\05_Deliverables\dll\algo\/fct_mo\AccViewer.exe
File is sahred : !!! 

D:\Sandboxs\SMFC4B0_06.00.00\06_Algorithm\04_Engineering\05_Deliverables\dll\algo\/fct_mo\AccViewer.exe
si archiveinfo   --nolabels --nolocks D:\Sandboxs\SMFC4B0_06.00.00\06_Algorithm\04_Engineering\05_Deliverables\dll\algo\/fct_mo\AccViewer.pdb
File is sahred : !!! 

D:\Sandboxs\SMFC4B0_06.00.00\06_Algorithm\04_Engineering\05_Deliverables\dll\algo\/fct_mo\AccViewer.pdb
si archiveinfo   --nolabels --nolocks D:\Sandboxs\SMFC4B0_06.00.00\06_Algorithm\04_Engineering\05_Deliverables\dll\algo\/fct_mo\cd_view_gdv_plg.dll
File is sahred : !!! 

D:\Sandboxs\SMFC4B0_06.00.00\06_Algorithm\04_Engineering\05_Deliverables\dll\algo\/fct_mo\cd_view_gdv_plg.dll
si archiveinfo   --nolabels --nolocks D:\Sandboxs\SMFC4B0_06.00.00\06_Algorithm\04_Engineering\05_Deliverables\dll\algo\/fct_mo\cd_view_gdv_plg.pdb
File is sahred : !!! 

D:\Sandboxs\SMFC4B0_06.00.00\06_Algorithm\04_Engineering\05_Deliverables\dll\algo\/fct_mo\cd_view_gdv_plg.pdb
si archiveinfo   --nolabels --nolocks D:\Sandboxs\SMFC4B0_06.00.00\06_Algorithm\04_Engineering\05_Deliverables\dll\algo\/fct_mo\cd_view_simdraw_plg.dll
File is sahred : !!! 

D:\Sandboxs\SMFC4B0_06.00.00\06_Algorithm\04_Engineering\05_Deliverables\dll\algo\/fct_mo\cd_view_simdraw_plg.dll
si archiveinfo   --nolabels --nolocks D:\Sandboxs\SMFC4B0_06.00.00\06_Algorithm\04_Engineering\05_Deliverables\dll\algo\/fct_mo\cgstatisticcollector.dll
File is sahred : !!! 

